<?xml version="1.0" encoding="UTF-8"?>
<robot generated="20170629 11:16:20.853" generator="Robot 3.0.2 (Python 2.7.12 on linux2)">
<suite source="/home/ova/Testing/For_testing.robot" id="s1" name="For testing">
<test id="s1-t1" name="Создать допороговый тендер">
<kw name="Close All Browsers" library="Selenium2Library">
<doc>Closes all open browsers and resets the browser cache.</doc>
<status status="PASS" endtime="20170629 11:16:21.052" starttime="20170629 11:16:21.051"></status>
</kw>
<kw name="Open Browser" library="Selenium2Library">
<doc>Opens a new browser instance to given URL.</doc>
<arguments>
<arg>http://93.183.211.107:90</arg>
<arg>chrome</arg>
</arguments>
<msg timestamp="20170629 11:16:21.053" level="INFO">Opening browser 'chrome' to base url 'http://93.183.211.107:90'</msg>
<status status="PASS" endtime="20170629 11:16:27.616" starttime="20170629 11:16:21.053"></status>
</kw>
<kw name="Comment" library="BuiltIn">
<doc>Displays the given messages in the log file as keyword arguments.</doc>
<arguments>
<arg>Open Browser</arg>
<arg>http://192.168.90.169:90</arg>
<arg>chrome</arg>
</arguments>
<status status="PASS" endtime="20170629 11:16:27.624" starttime="20170629 11:16:27.618"></status>
</kw>
<kw name="Set Window Position" library="Selenium2Library">
<doc>Sets the position `x` and `y` of the current window to the specified values.</doc>
<arguments>
<arg>0</arg>
<arg>0</arg>
</arguments>
<status status="PASS" endtime="20170629 11:16:27.733" starttime="20170629 11:16:27.625"></status>
</kw>
<kw name="Set Window Size" library="Selenium2Library">
<doc>Sets the `width` and `height` of the current window to the specified values.</doc>
<arguments>
<arg>1500</arg>
<arg>900</arg>
</arguments>
<status status="PASS" endtime="20170629 11:16:27.741" starttime="20170629 11:16:27.734"></status>
</kw>
<kw name="Wait Until Page Contains Element" library="Selenium2Library">
<doc>Waits until element specified with `locator` appears on current page.</doc>
<arguments>
<arg>xpath=.//*[@id='liLoginNoAuthenticated']/a</arg>
</arguments>
<kw name="Capture Page Screenshot" library="Selenium2Library">
<doc>Takes a screenshot of the current page and embeds it into the log.</doc>
<msg timestamp="20170629 11:16:27.761" level="FAIL">NoSuchWindowException: Message: no such window: target window already closed
from unknown error: web view not found
  (Session info: chrome=58.0.3029.110)
  (Driver info: chromedriver=2.28.455506 (18f6627e265f442aeec9b6661a49fe819aeeea1f),platform=Linux 4.4.0-81-generic x86_64)
</msg>
<status status="FAIL" endtime="20170629 11:16:27.764" starttime="20170629 11:16:27.746"></status>
</kw>
<msg timestamp="20170629 11:16:27.765" level="WARN">Keyword 'Capture Page Screenshot' could not be run on failure: NoSuchWindowException: Message: no such window: target window already closed
from unknown error: web view not found
  (Session info: chrome=58.0.3029.110)
  (Driver info: chromedriver=2.28.455506 (18f6627e265f442aeec9b6661a49fe819aeeea1f),platform=Linux 4.4.0-81-generic x86_64)
</msg>
<msg timestamp="20170629 11:16:27.793" level="FAIL">NoSuchWindowException: Message: no such window: target window already closed
from unknown error: web view not found
  (Session info: chrome=58.0.3029.110)
  (Driver info: chromedriver=2.28.455506 (18f6627e265f442aeec9b6661a49fe819aeeea1f),platform=Linux 4.4.0-81-generic x86_64)
</msg>
<status status="FAIL" endtime="20170629 11:16:27.793" starttime="20170629 11:16:27.742"></status>
</kw>
<kw type="teardown" name="Close All Browsers" library="Selenium2Library">
<doc>Closes all open browsers and resets the browser cache.</doc>
<status status="PASS" endtime="20170629 11:16:27.859" starttime="20170629 11:16:27.794"></status>
</kw>
<status status="FAIL" endtime="20170629 11:16:27.860" critical="yes" starttime="20170629 11:16:21.048">NoSuchWindowException: Message: no such window: target window already closed
from unknown error: web view not found
  (Session info: chrome=58.0.3029.110)
  (Driver info: chromedriver=2.28.455506 (18f6627e265f442aeec9b6661a49fe819aeeea1f),platform=Linux 4.4.0-81-generic x86_64)
</status>
</test>
<status status="FAIL" endtime="20170629 11:16:27.864" starttime="20170629 11:16:20.863"></status>
</suite>
<statistics>
<total>
<stat fail="1" pass="0">Critical Tests</stat>
<stat fail="1" pass="0">All Tests</stat>
</total>
<tag>
</tag>
<suite>
<stat fail="1" id="s1" name="For testing" pass="0">For testing</stat>
</suite>
</statistics>
<errors>
<msg timestamp="20170629 11:16:27.765" level="WARN">Keyword 'Capture Page Screenshot' could not be run on failure: NoSuchWindowException: Message: no such window: target window already closed
from unknown error: web view not found
  (Session info: chrome=58.0.3029.110)
  (Driver info: chromedriver=2.28.455506 (18f6627e265f442aeec9b6661a49fe819aeeea1f),platform=Linux 4.4.0-81-generic x86_64)
</msg>
</errors>
</robot>
